-------------------------------------------------------------------------------
Test set: com.first.demo.FirstApplicationTests
-------------------------------------------------------------------------------
Tests run: 1, Failures: 0, Errors: 1, Skipped: 0, Time elapsed: 0.871 s <<< FAILURE! - in com.first.demo.FirstApplicationTests
com.first.demo.FirstApplicationTests  Time elapsed: 0.868 s  <<< ERROR!
java.lang.IllegalStateException: Unable to find a @SpringBootConfiguration, you need to use @ContextConfiguration or @SpringBootTest(classes=...) with your test

